MySql  restarted at  2014/08/15-23:27
MySql  restarted at  2014/08/15-23:28
Mysql process is Running At  2014/08/15-23:39 
Mysql process is Running At  2014/08/15-23:39 
Mysql process is Running At  2014/08/16-19:16 
Mysql process is Running At  2014/08/16-19:16 
Mysql process is Running At  2014/08/16-19:23 
Mysql process is Running At  2014/08/16-19:23 
Mysql process is Running At  2014/08/16-19:39 
Mysql process is Running At  2014/08/16-19:39 
Mysql process is Running At  2014/08/16-20:21 
Mysql process is Running At  2014/08/16-20:21 
Mysql process is Running At  2014/08/16-20:38 
Mysql process is Running At  2014/08/16-20:38 
Mysql process is Running At  2014/08/16-20:42 
Mysql process is Running At  2014/08/16-20:42 
Mysql process is Running At  2014/08/16-20:44 
Mysql process is Running At  2014/08/16-20:44 
Mysql process is Running At  2014/08/16-20:56 
Mysql process is Running At  2014/08/16-20:56 
Apache process is Running At Date/Time -> 2014/08/16-21:00
Remote Apacheis listening  at 2014/08/16-21:00
Apache TCP port is up at 2014/08/16-21:00
Mysql process is Running At  2014/08/16-21:45 
Mysql process is Running At  2014/08/16-21:45 
Mysql process is Running At  2014/08/16-21:50 
Mysql process is Running At  2014/08/16-21:50 
Mysql process is Running At  2014/08/16-21:52 
Mysql process is Running At  2014/08/16-21:52 
Mysql process is Running At  2014/08/16-21:54 
Mysql process is Running At  2014/08/16-21:54 
Mysql process is Running At  2014/08/16-21:59 
Mysql process is Running At  2014/08/16-21:59 
MySql  restarted at  2014/08/16-22:35
Apache process is Running At Date/Time -> 2014/08/16-22:35
Remote Apacheis listening  at 2014/08/16-22:35
Apache TCP port is up at 2014/08/16-22:35
Mysql process is Running At  2014/08/17-22:40 
Mysql process is Running At  2014/08/17-22:40 
MySql  restarted at  2014/08/17-23:22
Apache process is Running  At Date/Time -> 2014/08/17-23:26
Mysql process is Running At  2014/08/17-23:31 
Mysql process is Running At  2014/08/17-23:31 
Apache process is Running At Date/Time -> 2014/08/17-23:47
Remote Apacheis listening  at 2014/08/17-23:47
Apache TCP port is up at 2014/08/17-23:47
Mysql process is Running At  2014/08/17-23:47 
MySql  restarted at  2014/08/18-00:21
Mysql process is Running At  2014/08/18-13:55 
Mysql process is Running At  2014/08/18-13:55 
Mysql process is Running At  2014/08/18-14:03 
Mysql process is Running At  2014/08/18-14:03 
Mysql process is Running At  2014/08/18-14:27 
Mysql process is Running At  2014/08/18-14:27 
Mysql process is Running At  2014/08/18-14:36 
Mysql process is Running At  2014/08/18-14:36 
Apache process is Running At Date/Time -> 2014/08/18-14:37
Remote Apacheis listening  at 2014/08/18-14:37
Apache TCP port is up at 2014/08/18-14:37
Apache process is Running At Date/Time -> 2014/08/18-14:37
Remote Apacheis listening  at 2014/08/18-14:37
Apache TCP port is up at 2014/08/18-14:37
Mysql process is Running At  2014/08/18-14:52 
Mysql process is Running At  2014/08/18-14:52 
Mysql process is Running At  2014/08/18-16:05 
Mysql process is Running At  2014/08/18-16:05 
Mysql process is Running At  2014/08/18-18:19 
Mysql process is Running At  2014/08/18-18:19 
Mysql process is Running At  2014/08/18-18:23 
Mysql process is Running At  2014/08/18-18:23 
